C:\Users\John\Desktop\Lazagne_test\historic\historic\Release\cl.command.1.tlog
C:\Users\John\Desktop\Lazagne_test\historic\historic\Release\CL.read.1.tlog
C:\Users\John\Desktop\Lazagne_test\historic\historic\Release\CL.write.1.tlog
C:\USERS\JOHN\DESKTOP\LAZAGNE_TEST\HISTORIC\HISTORIC\RELEASE\DLLMAIN.OBJ
C:\USERS\JOHN\DESKTOP\LAZAGNE_TEST\HISTORIC\HISTORIC\RELEASE\HISTORIC.DLL.INTERMEDIATE.MANIFEST
C:\USERS\JOHN\DESKTOP\LAZAGNE_TEST\HISTORIC\HISTORIC\RELEASE\HISTORIC.OBJ
C:\USERS\JOHN\DESKTOP\LAZAGNE_TEST\HISTORIC\HISTORIC\RELEASE\HISTORIC.PCH
C:\Users\John\Desktop\Lazagne_test\historic\historic\Release\historic.write.1.tlog
C:\Users\John\Desktop\Lazagne_test\historic\historic\Release\link.command.1.tlog
C:\Users\John\Desktop\Lazagne_test\historic\historic\Release\link.read.1.tlog
C:\Users\John\Desktop\Lazagne_test\historic\historic\Release\link.write.1.tlog
C:\Users\John\Desktop\Lazagne_test\historic\historic\Release\mt.command.1.tlog
C:\Users\John\Desktop\Lazagne_test\historic\historic\Release\mt.read.1.tlog
C:\Users\John\Desktop\Lazagne_test\historic\historic\Release\mt.write.1.tlog
C:\USERS\JOHN\DESKTOP\LAZAGNE_TEST\HISTORIC\HISTORIC\RELEASE\STDAFX.OBJ
C:\USERS\JOHN\DESKTOP\LAZAGNE_TEST\HISTORIC\HISTORIC\RELEASE\VC100.PDB
C:\USERS\JOHN\DESKTOP\LAZAGNE_TEST\HISTORIC\RELEASE\HISTORIC.DLL
C:\Users\John\Desktop\Lazagne_test\historic\Release\historic.exp
C:\Users\John\Desktop\Lazagne_test\historic\Release\historic.lib
C:\USERS\JOHN\DESKTOP\LAZAGNE_TEST\HISTORIC\RELEASE\HISTORIC.PDB
