La génération a démarré 30/01/2015 14:10:22.
Projet "C:\Users\John\Desktop\Lazagne_test\historic\historic\historic.vcxproj" sur le nœud 2 (build cible(s)).
InitializeBuildStatus:
  Création de "Release\historic.unsuccessfulbuild", car "AlwaysCreate" a été spécifié.
ClCompile:
  Toutes les sorties sont à jour.
  C:\Program Files\Microsoft Visual Studio 10.0\VC\bin\CL.exe /c /Zi /nologo /W3 /WX- /O2 /Oi /Oy- /GL /D WIN32 /D NDEBUG /D _WINDOWS /D _USRDLL /D HISTORIC_EXPORTS /D _WINDLL /D _UNICODE /D UNICODE /Gm- /EHsc /MD /GS /Gy /fp:precise /Zc:wchar_t /Zc:forScope /Fo"Release\\" /Fd"Release\vc100.pdb" /Gd /TP /analyze- /errorReport:prompt dllmain.cpp
  dllmain.cpp
  Toutes les sorties sont à jour.
Link:
  C:\Program Files\Microsoft Visual Studio 10.0\VC\bin\link.exe /ERRORREPORT:PROMPT /OUT:"C:\Users\John\Desktop\Lazagne_test\historic\Release\historic.dll" /INCREMENTAL:NO /NOLOGO kernel32.lib user32.lib gdi32.lib winspool.lib comdlg32.lib advapi32.lib shell32.lib ole32.lib oleaut32.lib uuid.lib odbc32.lib odbccp32.lib /MANIFEST /ManifestFile:"Release\historic.dll.intermediate.manifest" /MANIFESTUAC:"level='asInvoker' uiAccess='false'" /DEBUG /PDB:"C:\Users\John\Desktop\Lazagne_test\historic\Release\historic.pdb" /SUBSYSTEM:WINDOWS /OPT:REF /OPT:ICF /LTCG /TLBID:1 /DYNAMICBASE /NXCOMPAT /IMPLIB:"C:\Users\John\Desktop\Lazagne_test\historic\Release\historic.lib" /MACHINE:X86 /DLL Release\dllmain.obj
  Release\history.obj
  Release\stdafx.obj
     Création de la bibliothèque C:\Users\John\Desktop\Lazagne_test\historic\Release\historic.lib et de l'objet C:\Users\John\Desktop\Lazagne_test\historic\Release\historic.exp
  Génération de code en cours
  Fin de la génération du code
  historic.vcxproj -> C:\Users\John\Desktop\Lazagne_test\historic\Release\historic.dll
Manifest:
  C:\Program Files\Microsoft SDKs\Windows\v7.0A\bin\mt.exe /nologo /verbose /outputresource:"C:\Users\John\Desktop\Lazagne_test\historic\Release\historic.dll;#2" /manifest Release\historic.dll.intermediate.manifest
FinalizeBuildStatus:
  Suppression du fichier "Release\historic.unsuccessfulbuild".
  Mise à jour de l'horodatage "Release\historic.lastbuildstate".
Génération du projet "C:\Users\John\Desktop\Lazagne_test\historic\historic\historic.vcxproj" terminée (build cible(s)).

La génération a réussi.

Temps écoulé 00:00:03.33
